# JRE version: Java(TM) SE Runtime Environment 18.9 (11.0.18+9) (build 11.0.18+9-LTS-195)
# Java VM: Java HotSpot(TM) 64-Bit Server VM 18.9 (11.0.18+9-LTS-195, mixed mode, tiered, compressed oops, g1 gc, windows-amd64)
Heap:
 garbage-first heap   total 120832K, used 38984K [0x000000008a600000, 0x0000000100000000)
  region size 1024K, 21 young (21504K), 6 survivors (6144K)
 Metaspace       used 46235K, capacity 46764K, committed 46976K, reserved 1091584K
  class space    used 5523K, capacity 5747K, committed 5760K, reserved 1048576K
GC Heap History (8 events):
Event: 1.031 GC heap before
{Heap before GC invocations=0 (full 0):
 garbage-first heap   total 120832K, used 27648K [0x000000008a600000, 0x0000000100000000)
  region size 1024K, 24 young (24576K), 0 survivors (0K)
 Metaspace       used 12291K, capacity 12399K, committed 12416K, reserved 1060864K
  class space    used 1123K, capacity 1151K, committed 1152K, reserved 1048576K
}
Event: 1.101 GC heap after
{Heap after GC invocations=1 (full 0):
 garbage-first heap   total 120832K, used 6352K [0x000000008a600000, 0x0000000100000000)
  region size 1024K, 3 young (3072K), 3 survivors (3072K)
 Metaspace       used 12291K, capacity 12399K, committed 12416K, reserved 1060864K
  class space    used 1123K, capacity 1151K, committed 1152K, reserved 1048576K
}
Event: 2.353 GC heap before
{Heap before GC invocations=1 (full 0):
 garbage-first heap   total 120832K, used 43216K [0x000000008a600000, 0x0000000100000000)
  region size 1024K, 40 young (40960K), 3 survivors (3072K)
 Metaspace       used 20937K, capacity 21107K, committed 21296K, reserved 1069056K
  class space    used 2238K, capacity 2341K, committed 2432K, reserved 1048576K
}
Event: 2.371 GC heap after
{Heap after GC invocations=2 (full 0):
 garbage-first heap   total 120832K, used 10065K [0x000000008a600000, 0x0000000100000000)
  region size 1024K, 7 young (7168K), 7 survivors (7168K)
 Metaspace       used 20937K, capacity 21107K, committed 21296K, reserved 1069056K
  class space    used 2238K, capacity 2341K, committed 2432K, reserved 1048576K
}
Event: 5.496 GC heap before
{Heap before GC invocations=3 (full 0):
 garbage-first heap   total 120832K, used 63313K [0x000000008a600000, 0x0000000100000000)
  region size 1024K, 54 young (55296K), 7 survivors (7168K)
 Metaspace       used 31830K, capacity 32224K, committed 32384K, reserved 1077248K
  class space    used 4029K, capacity 4211K, committed 4224K, reserved 1048576K
}
Event: 5.524 GC heap after
{Heap after GC invocations=4 (full 0):
 garbage-first heap   total 120832K, used 20964K [0x000000008a600000, 0x0000000100000000)
  region size 1024K, 7 young (7168K), 7 survivors (7168K)
 Metaspace       used 31830K, capacity 32224K, committed 32384K, reserved 1077248K
  class space    used 4029K, capacity 4211K, committed 4224K, reserved 1048576K
}
Event: 8.035 GC heap before
{Heap before GC invocations=5 (full 0):
 garbage-first heap   total 120832K, used 74212K [0x000000008a600000, 0x0000000100000000)
  region size 1024K, 59 young (60416K), 7 survivors (7168K)
 Metaspace       used 42817K, capacity 43177K, committed 43520K, reserved 1087488K
  class space    used 5150K, capacity 5319K, committed 5376K, reserved 1048576K
}
Event: 8.061 GC heap after
{Heap after GC invocations=6 (full 0):
 garbage-first heap   total 120832K, used 24648K [0x000000008a600000, 0x0000000100000000)
  region size 1024K, 6 young (6144K), 6 survivors (6144K)
 Metaspace       used 42817K, capacity 43177K, committed 43520K, reserved 1087488K
  class space    used 5150K, capacity 5319K, committed 5376K, reserved 1048576K
}

