# JRE version: Java(TM) SE Runtime Environment 18.9 (11.0.18+9) (build 11.0.18+9-LTS-195)
# Java VM: Java HotSpot(TM) 64-Bit Server VM 18.9 (11.0.18+9-LTS-195, mixed mode, tiered, compressed oops, g1 gc, windows-amd64)
Heap:
 garbage-first heap   total 120832K, used 24068K [0x000000008a600000, 0x0000000100000000)
  region size 1024K, 7 young (7168K), 5 survivors (5120K)
 Metaspace       used 40643K, capacity 41099K, committed 41264K, reserved 1085440K
  class space    used 4919K, capacity 5142K, committed 5248K, reserved 1048576K
GC Heap History (10 events):
Event: 1.364 GC heap before
{Heap before GC invocations=0 (full 0):
 garbage-first heap   total 120832K, used 27648K [0x000000008a600000, 0x0000000100000000)
  region size 1024K, 24 young (24576K), 0 survivors (0K)
 Metaspace       used 12186K, capacity 12310K, committed 12544K, reserved 1060864K
  class space    used 1153K, capacity 1207K, committed 1280K, reserved 1048576K
}
Event: 1.676 GC heap after
{Heap after GC invocations=1 (full 0):
 garbage-first heap   total 120832K, used 5808K [0x000000008a600000, 0x0000000100000000)
  region size 1024K, 3 young (3072K), 3 survivors (3072K)
 Metaspace       used 12186K, capacity 12310K, committed 12544K, reserved 1060864K
  class space    used 1153K, capacity 1207K, committed 1280K, reserved 1048576K
}
Event: 3.204 GC heap before
{Heap before GC invocations=1 (full 0):
 garbage-first heap   total 120832K, used 41648K [0x000000008a600000, 0x0000000100000000)
  region size 1024K, 39 young (39936K), 3 survivors (3072K)
 Metaspace       used 20867K, capacity 21126K, committed 21296K, reserved 1069056K
  class space    used 2239K, capacity 2327K, committed 2432K, reserved 1048576K
}
Event: 3.220 GC heap after
{Heap after GC invocations=2 (full 0):
 garbage-first heap   total 120832K, used 9576K [0x000000008a600000, 0x0000000100000000)
  region size 1024K, 7 young (7168K), 7 survivors (7168K)
 Metaspace       used 20867K, capacity 21126K, committed 21296K, reserved 1069056K
  class space    used 2239K, capacity 2327K, committed 2432K, reserved 1048576K
}
Event: 7.070 GC heap before
{Heap before GC invocations=3 (full 0):
 garbage-first heap   total 120832K, used 62824K [0x000000008a600000, 0x0000000100000000)
  region size 1024K, 54 young (55296K), 7 survivors (7168K)
 Metaspace       used 32362K, capacity 32804K, committed 32944K, reserved 1077248K
  class space    used 4092K, capacity 4298K, committed 4352K, reserved 1048576K
}
Event: 7.101 GC heap after
{Heap after GC invocations=4 (full 0):
 garbage-first heap   total 120832K, used 20195K [0x000000008a600000, 0x0000000100000000)
  region size 1024K, 7 young (7168K), 7 survivors (7168K)
 Metaspace       used 32362K, capacity 32804K, committed 32944K, reserved 1077248K
  class space    used 4092K, capacity 4298K, committed 4352K, reserved 1048576K
}
Event: 7.233 GC heap before
{Heap before GC invocations=5 (full 0):
 garbage-first heap   total 120832K, used 22243K [0x000000008a600000, 0x0000000100000000)
  region size 1024K, 9 young (9216K), 7 survivors (7168K)
 Metaspace       used 32839K, capacity 33316K, committed 33584K, reserved 1079296K
  class space    used 4159K, capacity 4362K, committed 4480K, reserved 1048576K
}
Event: 7.248 GC heap after
{Heap after GC invocations=6 (full 0):
 garbage-first heap   total 120832K, used 21504K [0x000000008a600000, 0x0000000100000000)
  region size 1024K, 1 young (1024K), 1 survivors (1024K)
 Metaspace       used 32839K, capacity 33316K, committed 33584K, reserved 1079296K
  class space    used 4159K, capacity 4362K, committed 4480K, reserved 1048576K
}
Event: 9.530 GC heap before
{Heap before GC invocations=6 (full 0):
 garbage-first heap   total 120832K, used 60416K [0x000000008a600000, 0x0000000100000000)
  region size 1024K, 39 young (39936K), 1 survivors (1024K)
 Metaspace       used 40576K, capacity 41003K, committed 41136K, reserved 1085440K
  class space    used 4914K, capacity 5110K, committed 5120K, reserved 1048576K
}
Event: 9.536 GC heap after
{Heap after GC invocations=7 (full 0):
 garbage-first heap   total 120832K, used 23044K [0x000000008a600000, 0x0000000100000000)
  region size 1024K, 5 young (5120K), 5 survivors (5120K)
 Metaspace       used 40576K, capacity 41003K, committed 41136K, reserved 1085440K
  class space    used 4914K, capacity 5110K, committed 5120K, reserved 1048576K
}

