# JRE version: Java(TM) SE Runtime Environment 18.9 (11.0.18+9) (build 11.0.18+9-LTS-195)
# Java VM: Java HotSpot(TM) 64-Bit Server VM 18.9 (11.0.18+9-LTS-195, mixed mode, tiered, compressed oops, g1 gc, windows-amd64)
Heap:
 garbage-first heap   total 120832K, used 50775K [0x000000008a600000, 0x0000000100000000)
  region size 1024K, 32 young (32768K), 5 survivors (5120K)
 Metaspace       used 46691K, capacity 47178K, committed 47232K, reserved 1091584K
  class space    used 5538K, capacity 5754K, committed 5760K, reserved 1048576K
GC Heap History (8 events):
Event: 1.089 GC heap before
{Heap before GC invocations=0 (full 0):
 garbage-first heap   total 120832K, used 27648K [0x000000008a600000, 0x0000000100000000)
  region size 1024K, 24 young (24576K), 0 survivors (0K)
 Metaspace       used 12055K, capacity 12194K, committed 12416K, reserved 1060864K
  class space    used 1097K, capacity 1147K, committed 1152K, reserved 1048576K
}
Event: 1.166 GC heap after
{Heap after GC invocations=1 (full 0):
 garbage-first heap   total 120832K, used 6214K [0x000000008a600000, 0x0000000100000000)
  region size 1024K, 3 young (3072K), 3 survivors (3072K)
 Metaspace       used 12055K, capacity 12194K, committed 12416K, reserved 1060864K
  class space    used 1097K, capacity 1147K, committed 1152K, reserved 1048576K
}
Event: 2.360 GC heap before
{Heap before GC invocations=1 (full 0):
 garbage-first heap   total 120832K, used 44102K [0x000000008a600000, 0x0000000100000000)
  region size 1024K, 41 young (41984K), 3 survivors (3072K)
 Metaspace       used 20905K, capacity 21104K, committed 21296K, reserved 1069056K
  class space    used 2231K, capacity 2340K, committed 2432K, reserved 1048576K
}
Event: 2.379 GC heap after
{Heap after GC invocations=2 (full 0):
 garbage-first heap   total 120832K, used 10142K [0x000000008a600000, 0x0000000100000000)
  region size 1024K, 7 young (7168K), 7 survivors (7168K)
 Metaspace       used 20905K, capacity 21104K, committed 21296K, reserved 1069056K
  class space    used 2231K, capacity 2340K, committed 2432K, reserved 1048576K
}
Event: 5.584 GC heap before
{Heap before GC invocations=3 (full 0):
 garbage-first heap   total 120832K, used 63390K [0x000000008a600000, 0x0000000100000000)
  region size 1024K, 55 young (56320K), 7 survivors (7168K)
 Metaspace       used 31785K, capacity 32134K, committed 32384K, reserved 1077248K
  class space    used 3992K, capacity 4179K, committed 4224K, reserved 1048576K
}
Event: 5.618 GC heap after
{Heap after GC invocations=4 (full 0):
 garbage-first heap   total 120832K, used 21184K [0x000000008a600000, 0x0000000100000000)
  region size 1024K, 7 young (7168K), 7 survivors (7168K)
 Metaspace       used 31785K, capacity 32134K, committed 32384K, reserved 1077248K
  class space    used 3992K, capacity 4179K, committed 4224K, reserved 1048576K
}
Event: 7.752 GC heap before
{Heap before GC invocations=5 (full 0):
 garbage-first heap   total 120832K, used 69312K [0x000000008a600000, 0x0000000100000000)
  region size 1024K, 54 young (55296K), 7 survivors (7168K)
 Metaspace       used 40912K, capacity 41270K, committed 41472K, reserved 1085440K
  class space    used 4921K, capacity 5089K, committed 5120K, reserved 1048576K
}
Event: 7.769 GC heap after
{Heap after GC invocations=6 (full 0):
 garbage-first heap   total 120832K, used 24151K [0x000000008a600000, 0x0000000100000000)
  region size 1024K, 5 young (5120K), 5 survivors (5120K)
 Metaspace       used 40912K, capacity 41270K, committed 41472K, reserved 1085440K
  class space    used 4921K, capacity 5089K, committed 5120K, reserved 1048576K
}

