# JRE version: Java(TM) SE Runtime Environment 18.9 (11.0.18+9) (build 11.0.18+9-LTS-195)
# Java VM: Java HotSpot(TM) 64-Bit Server VM 18.9 (11.0.18+9-LTS-195, mixed mode, tiered, compressed oops, g1 gc, windows-amd64)
Heap:
 garbage-first heap   total 120832K, used 58811K [0x000000008a600000, 0x0000000100000000)
  region size 1024K, 38 young (38912K), 5 survivors (5120K)
 Metaspace       used 46483K, capacity 46973K, committed 47232K, reserved 1091584K
  class space    used 5534K, capacity 5752K, committed 5760K, reserved 1048576K
GC Heap History (8 events):
Event: 1.037 GC heap before
{Heap before GC invocations=0 (full 0):
 garbage-first heap   total 120832K, used 27648K [0x000000008a600000, 0x0000000100000000)
  region size 1024K, 24 young (24576K), 0 survivors (0K)
 Metaspace       used 12299K, capacity 12399K, committed 12416K, reserved 1060864K
  class space    used 1123K, capacity 1151K, committed 1152K, reserved 1048576K
}
Event: 1.102 GC heap after
{Heap after GC invocations=1 (full 0):
 garbage-first heap   total 120832K, used 6362K [0x000000008a600000, 0x0000000100000000)
  region size 1024K, 3 young (3072K), 3 survivors (3072K)
 Metaspace       used 12299K, capacity 12399K, committed 12416K, reserved 1060864K
  class space    used 1123K, capacity 1151K, committed 1152K, reserved 1048576K
}
Event: 2.324 GC heap before
{Heap before GC invocations=1 (full 0):
 garbage-first heap   total 120832K, used 44250K [0x000000008a600000, 0x0000000100000000)
  region size 1024K, 41 young (41984K), 3 survivors (3072K)
 Metaspace       used 20932K, capacity 21104K, committed 21296K, reserved 1069056K
  class space    used 2233K, capacity 2340K, committed 2432K, reserved 1048576K
}
Event: 2.342 GC heap after
{Heap after GC invocations=2 (full 0):
 garbage-first heap   total 120832K, used 9860K [0x000000008a600000, 0x0000000100000000)
  region size 1024K, 7 young (7168K), 7 survivors (7168K)
 Metaspace       used 20932K, capacity 21104K, committed 21296K, reserved 1069056K
  class space    used 2233K, capacity 2340K, committed 2432K, reserved 1048576K
}
Event: 5.869 GC heap before
{Heap before GC invocations=3 (full 0):
 garbage-first heap   total 120832K, used 63108K [0x000000008a600000, 0x0000000100000000)
  region size 1024K, 54 young (55296K), 7 survivors (7168K)
 Metaspace       used 31487K, capacity 31873K, committed 32128K, reserved 1077248K
  class space    used 3947K, capacity 4113K, committed 4224K, reserved 1048576K
}
Event: 5.903 GC heap after
{Heap after GC invocations=4 (full 0):
 garbage-first heap   total 120832K, used 21067K [0x000000008a600000, 0x0000000100000000)
  region size 1024K, 7 young (7168K), 7 survivors (7168K)
 Metaspace       used 31487K, capacity 31873K, committed 32128K, reserved 1077248K
  class space    used 3947K, capacity 4113K, committed 4224K, reserved 1048576K
}
Event: 7.413 GC heap before
{Heap before GC invocations=5 (full 0):
 garbage-first heap   total 120832K, used 59979K [0x000000008a600000, 0x0000000100000000)
  region size 1024K, 45 young (46080K), 7 survivors (7168K)
 Metaspace       used 39044K, capacity 39438K, committed 39552K, reserved 1083392K
  class space    used 4739K, capacity 4926K, committed 4992K, reserved 1048576K
}
Event: 7.433 GC heap after
{Heap after GC invocations=6 (full 0):
 garbage-first heap   total 120832K, used 23995K [0x000000008a600000, 0x0000000100000000)
  region size 1024K, 5 young (5120K), 5 survivors (5120K)
 Metaspace       used 39044K, capacity 39438K, committed 39552K, reserved 1083392K
  class space    used 4739K, capacity 4926K, committed 4992K, reserved 1048576K
}

